<?xml version="1.0" encoding="UTF-8"?>
<!-- Generated by org.testng.reporters.JUnitReportReporter -->
<testsuite hostname="DESKTOP-A5CHD3A" failures="0" tests="6" name="testScripts.LoginTest" time="30.015" errors="0" timestamp="2024-04-02T18:21:47 IST" skipped="0">
  <testcase classname="testScripts.LoginTest" name="login_001" time="5.198"/>
  <testcase classname="testScripts.LoginTest" name="login_001" time="4.977"/>
  <testcase classname="testScripts.LoginTest" name="login_001" time="4.600"/>
  <testcase classname="testScripts.LoginTest" name="login_001" time="4.909"/>
  <testcase classname="testScripts.LoginTest" name="login_001" time="4.118"/>
  <testcase classname="testScripts.LoginTest" name="login_001" time="6.213"/>
</testsuite> <!-- testScripts.LoginTest -->
